[INFO ] 2024-12-12 17:07:07.957 [main] Etravel - round trip option has selected
[INFO ] 2024-12-12 17:07:09.422 [main] Etravel - departure and arrival airport has entered
[INFO ] 2024-12-12 17:07:11.759 [main] Etravel - departure and return date has entered
[INFO ] 2024-12-12 17:07:14.638 [main] Etravel - number of passenger entered and clicked search button
[INFO ] 2024-12-12 17:07:15.676 [main] Etravel - after search related search page is opened successfully hence test is passed
[INFO ] 2024-12-12 17:11:11.736 [main] Etravel - round trip option has selected
[INFO ] 2024-12-12 17:11:13.170 [main] Etravel - departure and arrival airport has entered
[INFO ] 2024-12-12 17:11:15.509 [main] Etravel - departure and return date has entered
[INFO ] 2024-12-12 17:11:18.759 [main] Etravel - number of passenger entered and clicked search button
[INFO ] 2024-12-12 17:11:19.808 [main] Etravel - after search related search page is opened successfully hence test is passed
[INFO ] 2024-12-12 17:11:39.970 [main] Etravel - round trip option has selected
[INFO ] 2024-12-12 17:11:41.387 [main] Etravel - departure and arrival airport has entered
[INFO ] 2024-12-12 17:11:43.720 [main] Etravel - departure and return date has entered
[INFO ] 2024-12-12 17:11:46.621 [main] Etravel - number of passenger entered and clicked search button
[INFO ] 2024-12-12 17:11:47.671 [main] Etravel - after search related search page is opened successfully hence test is passed
[INFO ] 2024-12-12 17:12:12.865 [main] Etravel - round trip option has selected
[INFO ] 2024-12-12 17:12:14.342 [main] Etravel - departure and arrival airport has entered
[INFO ] 2024-12-12 17:12:16.681 [main] Etravel - departure and return date has entered
[INFO ] 2024-12-12 17:12:19.562 [main] Etravel - number of passenger entered and clicked search button
[INFO ] 2024-12-12 17:12:20.598 [main] Etravel - after search related search page is opened successfully hence test is passed
[INFO ] 2024-12-12 17:33:13.440 [main] Etravel - round trip option has selected
[INFO ] 2024-12-12 17:33:14.861 [main] Etravel - departure and arrival airport has entered
[INFO ] 2024-12-12 17:33:17.201 [main] Etravel - departure and return date has entered
[INFO ] 2024-12-12 17:33:17.787 [main] Etravel - number of passenger entered and clicked search button
[INFO ] 2024-12-13 10:47:57.723 [main] Etravel - round trip option has selected
[INFO ] 2024-12-13 10:47:59.126 [main] Etravel - departure and arrival airport has entered
[INFO ] 2024-12-13 10:48:01.478 [main] Etravel - departure and return date has entered
[INFO ] 2024-12-13 10:48:07.643 [main] Etravel - number of passenger entered and clicked search button
[INFO ] 2024-12-13 10:48:08.672 [main] Etravel - after search related search page is opened successfully hence test is passed
[INFO ] 2024-12-13 10:50:45.118 [main] Etravel - round trip option has selected
[INFO ] 2024-12-13 10:50:46.488 [main] Etravel - departure and arrival airport has entered
[INFO ] 2024-12-13 10:50:48.819 [main] Etravel - departure and return date has entered
[INFO ] 2024-12-13 10:50:51.637 [main] Etravel - number of passenger entered and clicked search button
[INFO ] 2024-12-13 10:50:52.689 [main] Etravel - after search related search page is opened successfully hence test is passed
[INFO ] 2024-12-13 11:08:11.765 [main] Etravel - round trip option has selected
[INFO ] 2024-12-13 11:08:13.269 [main] Etravel - departure and arrival airport has entered
[INFO ] 2024-12-13 11:08:15.603 [main] Etravel - departure and return date has entered
[INFO ] 2024-12-13 11:08:18.384 [main] Etravel - number of passenger entered and clicked search button
[INFO ] 2024-12-13 11:08:19.420 [main] Etravel - after search related search page is opened successfully hence test is passed
[INFO ] 2024-12-13 11:10:51.739 [main] Etravel - round trip option has selected
[INFO ] 2024-12-13 11:10:53.230 [main] Etravel - departure and arrival airport has entered
[INFO ] 2024-12-13 11:27:34.393 [main] Etravel - round trip option has selected
[INFO ] 2024-12-13 11:27:35.761 [main] Etravel - departure and arrival airport has entered
[INFO ] 2024-12-13 11:27:38.082 [main] Etravel - departure and return date has entered
[INFO ] 2024-12-13 11:27:40.891 [main] Etravel - number of passenger entered and clicked search button
[INFO ] 2024-12-13 11:27:41.919 [main] Etravel - after search related search page is opened successfully hence test is passed
[INFO ] 2024-12-13 11:27:44.539 [main] Etravel - round trip option has selected
[INFO ] 2024-12-13 11:27:46.016 [main] Etravel - departure and arrival airport has entered
[INFO ] 2024-12-13 11:27:48.334 [main] Etravel - departure and return date has entered
[INFO ] 2024-12-13 11:27:51.294 [main] Etravel - number of passenger entered and clicked search button
[INFO ] 2024-12-13 11:27:52.348 [main] Etravel - after search related search page is opened successfully hence test is passed
[INFO ] 2024-12-13 11:39:51.023 [main] Etravel - round trip option has selected
[INFO ] 2024-12-13 11:39:52.475 [main] Etravel - departure and arrival airport has entered
[INFO ] 2024-12-13 11:39:54.806 [main] Etravel - departure and return date has entered
[INFO ] 2024-12-13 11:39:57.794 [main] Etravel - number of passenger entered and clicked search button
[INFO ] 2024-12-13 11:39:58.850 [main] Etravel - after search related search page is opened successfully hence test is passed
[INFO ] 2024-12-13 11:40:03.044 [main] Etravel - round trip option has selected
[INFO ] 2024-12-13 11:40:05.141 [main] Etravel - departure and arrival airport has entered
[INFO ] 2024-12-13 11:40:07.457 [main] Etravel - departure and return date has entered
[INFO ] 2024-12-13 11:40:09.617 [main] Etravel - number of passenger entered and clicked search button
[INFO ] 2024-12-13 11:40:10.654 [main] Etravel - after search related search page is opened successfully hence test is passed
